Traceback (most recent call last):
  File "/opt/anaconda3/lib/python3.8/site-packages/jupyter_cache/executors/utils.py", line 51, in single_nb_execution
    executenb(
  File "/opt/anaconda3/lib/python3.8/site-packages/nbclient/client.py", line 1087, in execute
    return NotebookClient(nb=nb, resources=resources, km=km, **kwargs).execute()
  File "/opt/anaconda3/lib/python3.8/site-packages/nbclient/util.py", line 74, in wrapped
    return just_run(coro(*args, **kwargs))
  File "/opt/anaconda3/lib/python3.8/site-packages/nbclient/util.py", line 53, in just_run
    return loop.run_until_complete(coro)
  File "/opt/anaconda3/lib/python3.8/asyncio/base_events.py", line 616, in run_until_complete
    return future.result()
  File "/opt/anaconda3/lib/python3.8/site-packages/nbclient/client.py", line 540, in async_execute
    await self.async_execute_cell(
  File "/opt/anaconda3/lib/python3.8/site-packages/nbclient/client.py", line 832, in async_execute_cell
    self._check_raise_for_error(cell, exec_reply)
  File "/opt/anaconda3/lib/python3.8/site-packages/nbclient/client.py", line 740, in _check_raise_for_error
    raise CellExecutionError.from_cell_and_msg(cell, exec_reply['content'])
nbclient.exceptions.CellExecutionError: An error occurred while executing the following cell:
------------------
using XSim
using JWAS
using DelimitedFiles
using CSV
using Statistics
using LinearAlgebra
using Plots
using Distributions
using Random
using Printf
pyplot()
------------------

ArgumentError: Package XSim not found in current path:
- Run `import Pkg; Pkg.add("XSim")` to install the XSim package.


Stacktrace:
 [1] require(::Module, ::Symbol) at ./loading.jl:893
 [2] include_string(::Function, ::Module, ::String, ::String) at ./loading.jl:1091
 [3] execute_code(::String, ::String) at /Users/rohan/.julia/packages/IJulia/rWZ9e/src/execute_request.jl:27
 [4] execute_request(::ZMQ.Socket, ::IJulia.Msg) at /Users/rohan/.julia/packages/IJulia/rWZ9e/src/execute_request.jl:86
 [5] #invokelatest#1 at ./essentials.jl:710 [inlined]
 [6] invokelatest at ./essentials.jl:709 [inlined]
 [7] eventloop(::ZMQ.Socket) at /Users/rohan/.julia/packages/IJulia/rWZ9e/src/eventloop.jl:8
 [8] (::IJulia.var"#15#18")() at ./task.jl:356
LoadError: ArgumentError: Package XSim not found in current path:
- Run `import Pkg; Pkg.add("XSim")` to install the XSim package.


